2022-02-01 20:54:36 [scrapy.utils.log] INFO: Scrapy 2.5.1 started (bot: house_price_scraper)
2022-02-01 20:54:36 [scrapy.utils.log] INFO: Versions: lxml 4.7.1.0, libxml2 2.9.12, cssselect 1.1.0, parsel 1.6.0, w3lib 1.22.0, Twisted 21.7.0, Python 3.7.0 (default, Jun 28 2018, 07:39:16) - [Clang 4.0.1 (tags/RELEASE_401/final)], pyOpenSSL 21.0.0 (OpenSSL 1.1.1m  14 Dec 2021), cryptography 36.0.1, Platform Darwin-21.2.0-x86_64-i386-64bit
2022-02-01 20:54:36 [scrapy.crawler] INFO: Overridden settings:
{'BOT_NAME': 'house_price_scraper',
 'DOWNLOAD_DELAY': 3,
 'LOG_FILE': 'scrapy.log',
 'LOG_LEVEL': 'INFO',
 'NEWSPIDER_MODULE': 'house_price_scraper.spiders',
 'SPIDER_MODULES': ['house_price_scraper.spiders'],
 'USER_AGENT': 'Mozilla/5.0 (Macintosh; Intel Mac OS X 10_15_7) '
               'AppleWebKit/537.36 (KHTML, like Gecko) Chrome/97.0.4692.99 '
               'Safari/537.36'}
2022-02-01 20:54:36 [scrapy.extensions.telnet] INFO: Telnet Password: aacc2bc7764d0c6d
2022-02-01 20:54:36 [py.warnings] WARNING: /Users/eason/Work/anaconda3/envs/huahua/lib/python3.7/site-packages/scrapy/extensions/feedexport.py:247: ScrapyDeprecationWarning: The `FEED_URI` and `FEED_FORMAT` settings have been deprecated in favor of the `FEEDS` setting. Please see the `FEEDS` setting docs for more details
  exporter = cls(crawler)

2022-02-01 20:54:36 [scrapy.middleware] INFO: Enabled extensions:
['scrapy.extensions.corestats.CoreStats',
 'scrapy.extensions.telnet.TelnetConsole',
 'scrapy.extensions.memusage.MemoryUsage',
 'scrapy.extensions.feedexport.FeedExporter',
 'scrapy.extensions.logstats.LogStats']
2022-02-01 20:54:36 [scrapy.middleware] INFO: Enabled downloader middlewares:
['scrapy.downloadermiddlewares.httpauth.HttpAuthMiddleware',
 'scrapy.downloadermiddlewares.downloadtimeout.DownloadTimeoutMiddleware',
 'scrapy.downloadermiddlewares.defaultheaders.DefaultHeadersMiddleware',
 'scrapy.downloadermiddlewares.useragent.UserAgentMiddleware',
 'scrapy.downloadermiddlewares.retry.RetryMiddleware',
 'scrapy.downloadermiddlewares.redirect.MetaRefreshMiddleware',
 'scrapy.downloadermiddlewares.httpcompression.HttpCompressionMiddleware',
 'scrapy.downloadermiddlewares.redirect.RedirectMiddleware',
 'scrapy.downloadermiddlewares.cookies.CookiesMiddleware',
 'scrapy.downloadermiddlewares.httpproxy.HttpProxyMiddleware',
 'scrapy.downloadermiddlewares.stats.DownloaderStats']
2022-02-01 20:54:36 [scrapy.middleware] INFO: Enabled spider middlewares:
['scrapy.spidermiddlewares.httperror.HttpErrorMiddleware',
 'scrapy.spidermiddlewares.offsite.OffsiteMiddleware',
 'scrapy.spidermiddlewares.referer.RefererMiddleware',
 'scrapy.spidermiddlewares.urllength.UrlLengthMiddleware',
 'scrapy.spidermiddlewares.depth.DepthMiddleware']
2022-02-01 20:54:36 [scrapy.middleware] INFO: Enabled item pipelines:
[]
2022-02-01 20:54:36 [scrapy.core.engine] INFO: Spider opened
2022-02-01 20:54:36 [scrapy.extensions.logstats] INFO: Crawled 0 pages (at 0 pages/min), scraped 0 items (at 0 items/min)
2022-02-01 20:54:36 [scrapy.extensions.telnet] INFO: Telnet console listening on 127.0.0.1:6023
2022-02-01 20:55:36 [scrapy.extensions.logstats] INFO: Crawled 17 pages (at 17 pages/min), scraped 16 items (at 16 items/min)
2022-02-01 20:56:36 [scrapy.extensions.logstats] INFO: Crawled 33 pages (at 16 pages/min), scraped 31 items (at 15 items/min)
2022-02-01 20:57:36 [scrapy.extensions.logstats] INFO: Crawled 49 pages (at 16 pages/min), scraped 46 items (at 15 items/min)
2022-02-01 20:58:36 [scrapy.extensions.logstats] INFO: Crawled 66 pages (at 17 pages/min), scraped 62 items (at 16 items/min)
2022-02-01 20:59:36 [scrapy.extensions.logstats] INFO: Crawled 83 pages (at 17 pages/min), scraped 78 items (at 16 items/min)
2022-02-01 21:00:36 [scrapy.extensions.logstats] INFO: Crawled 100 pages (at 17 pages/min), scraped 95 items (at 17 items/min)
2022-02-01 21:01:36 [scrapy.extensions.logstats] INFO: Crawled 117 pages (at 17 pages/min), scraped 112 items (at 17 items/min)
2022-02-01 21:02:36 [scrapy.extensions.logstats] INFO: Crawled 132 pages (at 15 pages/min), scraped 127 items (at 15 items/min)
2022-02-01 21:03:36 [scrapy.extensions.logstats] INFO: Crawled 148 pages (at 16 pages/min), scraped 143 items (at 16 items/min)
2022-02-01 21:04:36 [scrapy.extensions.logstats] INFO: Crawled 166 pages (at 18 pages/min), scraped 161 items (at 18 items/min)
2022-02-01 21:05:36 [scrapy.extensions.logstats] INFO: Crawled 182 pages (at 16 pages/min), scraped 177 items (at 16 items/min)
2022-02-01 21:06:36 [scrapy.extensions.logstats] INFO: Crawled 199 pages (at 17 pages/min), scraped 194 items (at 17 items/min)
2022-02-01 21:07:36 [scrapy.extensions.logstats] INFO: Crawled 216 pages (at 17 pages/min), scraped 211 items (at 17 items/min)
2022-02-01 21:08:36 [scrapy.extensions.logstats] INFO: Crawled 232 pages (at 16 pages/min), scraped 227 items (at 16 items/min)
2022-02-01 21:09:36 [scrapy.extensions.logstats] INFO: Crawled 249 pages (at 17 pages/min), scraped 244 items (at 17 items/min)
2022-02-01 21:10:36 [scrapy.extensions.logstats] INFO: Crawled 264 pages (at 15 pages/min), scraped 259 items (at 15 items/min)
2022-02-01 21:11:36 [scrapy.extensions.logstats] INFO: Crawled 281 pages (at 17 pages/min), scraped 276 items (at 17 items/min)
2022-02-01 21:12:36 [scrapy.extensions.logstats] INFO: Crawled 296 pages (at 15 pages/min), scraped 291 items (at 15 items/min)
2022-02-01 21:13:36 [scrapy.extensions.logstats] INFO: Crawled 314 pages (at 18 pages/min), scraped 309 items (at 18 items/min)
2022-02-01 21:14:36 [scrapy.extensions.logstats] INFO: Crawled 331 pages (at 17 pages/min), scraped 326 items (at 17 items/min)
2022-02-01 21:15:36 [scrapy.extensions.logstats] INFO: Crawled 347 pages (at 16 pages/min), scraped 342 items (at 16 items/min)
2022-02-01 21:16:36 [scrapy.extensions.logstats] INFO: Crawled 364 pages (at 17 pages/min), scraped 359 items (at 17 items/min)
2022-02-01 21:17:36 [scrapy.extensions.logstats] INFO: Crawled 381 pages (at 17 pages/min), scraped 376 items (at 17 items/min)
2022-02-01 21:18:36 [scrapy.extensions.logstats] INFO: Crawled 397 pages (at 16 pages/min), scraped 392 items (at 16 items/min)
2022-02-01 21:19:36 [scrapy.extensions.logstats] INFO: Crawled 413 pages (at 16 pages/min), scraped 408 items (at 16 items/min)
2022-02-01 21:20:36 [scrapy.extensions.logstats] INFO: Crawled 430 pages (at 17 pages/min), scraped 425 items (at 17 items/min)
2022-02-01 21:21:36 [scrapy.extensions.logstats] INFO: Crawled 445 pages (at 15 pages/min), scraped 440 items (at 15 items/min)
2022-02-01 21:22:36 [scrapy.extensions.logstats] INFO: Crawled 463 pages (at 18 pages/min), scraped 458 items (at 18 items/min)
2022-02-01 21:23:36 [scrapy.extensions.logstats] INFO: Crawled 479 pages (at 16 pages/min), scraped 474 items (at 16 items/min)
2022-02-01 21:24:36 [scrapy.extensions.logstats] INFO: Crawled 494 pages (at 15 pages/min), scraped 489 items (at 15 items/min)
2022-02-01 21:25:36 [scrapy.extensions.logstats] INFO: Crawled 510 pages (at 16 pages/min), scraped 505 items (at 16 items/min)
2022-02-01 21:26:36 [scrapy.extensions.logstats] INFO: Crawled 527 pages (at 17 pages/min), scraped 522 items (at 17 items/min)
2022-02-01 21:27:36 [scrapy.extensions.logstats] INFO: Crawled 543 pages (at 16 pages/min), scraped 538 items (at 16 items/min)
2022-02-01 21:28:36 [scrapy.extensions.logstats] INFO: Crawled 560 pages (at 17 pages/min), scraped 555 items (at 17 items/min)
2022-02-01 21:29:36 [scrapy.extensions.logstats] INFO: Crawled 576 pages (at 16 pages/min), scraped 571 items (at 16 items/min)
2022-02-01 21:30:14 [scrapy.core.engine] INFO: Closing spider (finished)
2022-02-01 21:30:14 [scrapy.extensions.feedexport] INFO: Stored csv feed (582 items) in: results_2022-02-01_20_54.csv
2022-02-01 21:30:14 [scrapy.statscollectors] INFO: Dumping Scrapy stats:
{'downloader/request_bytes': 289267,
 'downloader/request_count': 589,
 'downloader/request_method_count/GET': 589,
 'downloader/response_bytes': 3826952,
 'downloader/response_count': 589,
 'downloader/response_status_count/200': 587,
 'downloader/response_status_count/301': 2,
 'elapsed_time_seconds': 2138.168934,
 'feedexport/success_count/FileFeedStorage': 1,
 'finish_reason': 'finished',
 'finish_time': datetime.datetime(2022, 2, 2, 3, 30, 14, 901351),
 'httpcompression/response_bytes': 13908639,
 'httpcompression/response_count': 587,
 'item_scraped_count': 582,
 'log_count/INFO': 46,
 'log_count/WARNING': 1,
 'memusage/max': 69541888,
 'memusage/startup': 52502528,
 'request_depth_max': 5,
 'response_received_count': 587,
 'scheduler/dequeued': 589,
 'scheduler/dequeued/memory': 589,
 'scheduler/enqueued': 589,
 'scheduler/enqueued/memory': 589,
 'start_time': datetime.datetime(2022, 2, 2, 2, 54, 36, 732417)}
2022-02-01 21:30:14 [scrapy.core.engine] INFO: Spider closed (finished)
